<?xml version="1.0" encoding="UTF-8"?>
<!-- Generated by org.testng.reporters.JUnitReportReporter -->
<testsuite hostname="LAPTOP-44O1TB5O" failures="0" tests="2" name="TestRunner.CucumberTestRunnerForTags" time="0.246" errors="0" timestamp="2024-04-26T23:01:17 IST" skipped="0">
  <testcase classname="TestRunner.CucumberTestRunnerForTags" name="runScenario" time="0.010"/>
  <testcase classname="TestRunner.CucumberTestRunnerForTags" name="runScenario" time="0.236"/>
</testsuite> <!-- TestRunner.CucumberTestRunnerForTags -->
